        Training Set: other.tsv, 6208 samples
         Vocab Size : 38
test1.wav-->فبشبشبشبشذبشبشبشبشبشبشبشبشبشب
test2.wav-->فبشبشبشبشبشبشذبشبشبشبشبشبشبشبشبشبشبشبشبشبشبشبشبشذب
test3.wav-->فبشبشبشبشبشبشبشبشبشبشبشبشبشبشبشبشبشذب
test4.wav-->فبشبشبشبشبشبشبشبشبشبشب
test5.wav-->فبشبشبشبشبشبشبشبشبشبشبشبشبشبشبذب
test6.wav-->بفشبشبشبشبشبشبشبشبشبشبشبشبشبشبشبشب

Epoch[1]:	[LR:  0.0002000 Loss:  2.99585, Avg loss:  3.84643]
test1.wav-->
test2.wav-->
test3.wav-->
test4.wav-->
test5.wav-->
test6.wav-->

Epoch[2]:	[LR:  0.0002000 Loss:  3.18962, Avg loss:  3.13445]
test1.wav-->
test2.wav-->
test3.wav-->
test4.wav-->
test5.wav-->
test6.wav-->

Epoch[3]:	[LR:  0.0002000 Loss:  3.19771, Avg loss:  3.08751]
test1.wav-->
test2.wav-->
test3.wav-->
test4.wav-->
test5.wav-->
test6.wav-->

Epoch[4]:	[LR:  0.0002000 Loss:  3.08313, Avg loss:  3.06886]
test1.wav-->
test2.wav-->
test3.wav-->
test4.wav-->
test5.wav-->
test6.wav-->

Epoch[5]:	[LR:  0.0002000 Loss:  3.10128, Avg loss:  3.04267]
test1.wav-->
test2.wav-->
test3.wav-->
test4.wav-->
test5.wav-->
test6.wav-->

Epoch[6]:	[LR:  0.0002000 Loss:  3.69996, Avg loss:  3.00701]
test1.wav-->
test2.wav-->
test3.wav-->
test4.wav-->
test5.wav-->
test6.wav-->

Epoch[7]:	[LR:  0.0002000 Loss:  2.88820, Avg loss:  2.95699]
test1.wav-->
test2.wav-->
test3.wav-->
test4.wav-->
test5.wav-->
test6.wav-->

Epoch[8]:	[LR:  0.0002000 Loss:  2.95717, Avg loss:  2.94408]
test1.wav-->ا
test2.wav-->ا
test3.wav-->ا
test4.wav-->
test5.wav-->ا
test6.wav-->ا

        Training Set: other.tsv, 6208 samples
         Vocab Size : 38
test1.wav-->ا
test2.wav-->ا
test3.wav-->ا
test4.wav-->
test5.wav-->ا
test6.wav-->ا

Epoch[9]:	[LR:  0.0002000 Loss:  2.86360, Avg loss:  2.99609]
test1.wav-->
test2.wav-->
test3.wav-->
test4.wav-->
test5.wav-->
test6.wav-->

Epoch[10]:	[LR:  0.0002000 Loss:  2.88776, Avg loss:  2.93153]
test1.wav-->ا
test2.wav-->ا
test3.wav-->ا
test4.wav-->ا
test5.wav-->ا
test6.wav-->ا

Epoch[11]:	[LR:  0.0002000 Loss:  2.73407, Avg loss:  2.89657]
test1.wav-->ا
test2.wav-->ا
test3.wav-->ای
test4.wav-->ا
test5.wav-->ا
test6.wav-->ا

Epoch[12]:	[LR:  0.0002000 Loss:  2.79280, Avg loss:  2.83543]
test1.wav-->ی
test2.wav-->ا ی
test3.wav-->
test4.wav-->
test5.wav-->
test6.wav-->

Epoch[13]:	[LR:  0.0002000 Loss:  2.62260, Avg loss:  2.76598]
test1.wav-->ی
test2.wav-->ی ی ی ی
test3.wav-->ی
test4.wav-->ای ی ی
test5.wav-->ا ی
test6.wav-->ی

Epoch[14]:	[LR:  0.0002000 Loss:  2.44388, Avg loss:  2.67153]
test1.wav-->اس س شدی
test2.wav-->اشی ش دی می ک
test3.wav-->ای س د
test4.wav-->ا ا یی
test5.wav-->ا ا د
test6.wav-->ای ت

Epoch[15]:	[LR:  0.0002000 Loss:  2.47432, Avg loss:  2.48581]
test1.wav-->اسشدی
test2.wav-->اش تشمد ممم کد
test3.wav-->اک کد
test4.wav-->ت ی
test5.wav-->ا تدن
test6.wav-->یتت

Epoch[16]:	[LR:  0.0002000 Loss:  1.89148, Avg loss:  2.38030]
test1.wav-->سسمشدای
test2.wav-->مشم ب خمشودی مو موتز وسمو تو
test3.wav-->وت سسو م د کردد
test4.wav-->تد ما دستی
test5.wav-->و ت کدن
test6.wav-->سفی م فز

        Training Set: other.tsv, 6208 samples
         Vocab Size : 38
test1.wav-->سسمشدای
test2.wav-->مشم ب خمشودی مو موتز وسمو تو
test3.wav-->وت سسو م د کردد
test4.wav-->تد ما دستی
test5.wav-->و ت کدن
test6.wav-->سفی م فز

Epoch[17]:	[LR:  0.0002000 Loss:  1.81823, Avg loss:  2.16323]
test1.wav-->سنزمشتداری
test2.wav-->خمشنیتم کنشدی مومترج موزی ترتبو
test3.wav-->ررنیزز دز کد
test4.wav-->تتنما دستی
test5.wav-->ور ت کرد
test6.wav-->سزی موت فزت

Epoch[18]:	[LR:  0.0002000 Loss:  2.52466, Avg loss:  1.99813]
test1.wav-->تسرسبشتداری
test2.wav-->خمشن وتمنشدی وموترجر مزویزرت بو
test3.wav-->اوورکرزرسودف کردن
test4.wav-->تدبا دستی
test5.wav-->ورت تد کردن
test6.wav-->سای متفز

Epoch[19]:	[LR:  0.0002000 Loss:  2.04256, Avg loss:  1.84687]
test1.wav-->ترسر سشتداری
test2.wav-->خارشنی رت ف ترشدی اوترجر مساقی زت بو
test3.wav-->بورر کری سی سر دف کردن
test4.wav-->تفد ال دوستی
test5.wav-->ورت ترد کردن
test6.wav-->سافی متف

Epoch[20]:	[LR:  0.0002000 Loss:  1.69748, Avg loss:  1.78641]
test1.wav-->تسد سدشتداری
test2.wav-->خاوشنی دوت بفکشودی او وترد مسابدی زا ود
test3.wav-->اوررکر سر سو دف کردن
test4.wav-->تدبا دوستی
test5.wav-->وق تک کردن
test6.wav-->سافی متسف

Epoch[21]:	[LR:  0.0002000 Loss:  1.60488, Avg loss:  1.64629]
test1.wav-->اسر سشتداری
test2.wav-->خاوش م بورت مفکرشو دی او وترجر مزاب قی ترد بود
test3.wav-->اورر ترسر سوور دف کردن
test4.wav-->تفوان دوستی
test5.wav-->تونت ترد کردن
test6.wav-->ساخی متفف

Epoch[22]:	[LR:  0.0002000 Loss:  1.60856, Avg loss:  1.54532]
test1.wav-->پرسر سپشتتاری
test2.wav-->خوارشتنیگرت بفر شودی اووترجر مسابقی زررد بود
test3.wav-->اورر کر سا سور دف کردن
test4.wav-->تفدبال دوستی
test5.wav-->پورات ترک کردن
test6.wav-->ساخی متخ

Epoch[23]:	[LR:  0.0002000 Loss:  1.26365, Avg loss:  1.46820]
test1.wav-->ترسر سرشتداری
test2.wav-->خارشتلیدورت بفتر شومده اوودر جر مزبی زد بود
test3.wav-->اورر کل زر سو دف کردند
test4.wav-->تدوال دوستهی
test5.wav-->پولات ترک کردن
test6.wav-->ساخفی مت فرف

Epoch[24]:	[LR:  0.0002000 Loss:  1.65813, Avg loss:  1.39250]
test1.wav-->ترسر سرشتداری
test2.wav-->خاوشبمیگرت بفتر شووده او ادرجر مسابوی فرد ود
test3.wav-->او ر کل سر سوا دف کردن
test4.wav-->تفد ار دوستی
test5.wav-->ولات تورد کردن
test6.wav-->سافی مت خرفل

        Training Set: other.tsv, 6208 samples
         Vocab Size : 38
test1.wav-->ترسر سرشتداری
test2.wav-->خاوشبمیگرت بفتر شووده او ادرجر مسابوی فرد ود
test3.wav-->او ر کل سر سوا دف کردن
test4.wav-->تفد ار دوستی
test5.wav-->ولات تورد کردن
test6.wav-->سافی مت خرفل

Epoch[25]:	[LR:  0.0002000 Loss:  1.36529, Avg loss:  1.32157]
test1.wav-->تسر سرشتداری
test2.wav-->خرشمیگت بفر شوبده اووترجر مسابوی رد بود
test3.wav-->او ر کر ز سو دف کردند
test4.wav-->تفلوا دوستی
test5.wav-->پورات ترد کردن
test6.wav-->سارفی متفرف

Epoch[26]:	[LR:  0.0002000 Loss:  1.28754, Avg loss:  1.24867]
test1.wav-->سر سرشتداری
test2.wav-->خواوشمیگرک برفتر شووده اوبترجر مسابق فرد بود
test3.wav-->او د کر سار سور دف کردند
test4.wav-->تفدوال دوست
test5.wav-->پورات تورک کردن
test6.wav-->سافی متخف

Epoch[27]:	[LR:  0.0002000 Loss:  1.27636, Avg loss:  1.19116]
test1.wav-->اسر سروشت داری
test2.wav-->خرشکنیگلک برفتار شونیدهی اوب درج مسابقی فرد بود
test3.wav-->او در جری زار سوردفت کردند
test4.wav-->تحتل بال دوست
test5.wav-->پولاد تلد کردن
test6.wav-->سافی مت فرفل

Epoch[28]:	[LR:  0.0002000 Loss:  1.40992, Avg loss:  1.14261]
test1.wav-->اسر سوشت داری
test2.wav-->خواوشدمیگرک برفتار شوودهی اوبترج مسابقی فرد بود
test3.wav-->او و کر زار سور دخت کردند
test4.wav-->تفلوار دوستی
test5.wav-->پورات تورد کردن
test6.wav-->سافی متخرفل

Epoch[29]:	[LR:  0.0002000 Loss:  1.01888, Avg loss:  1.08284]
test1.wav-->افسر سروشت داری
test2.wav-->خواوشنیگرت برفکار شورودهی او بترجر مسابقی فرد بود
test3.wav-->او ر رر ترزار سرا دفت کردند
test4.wav-->تتلوار دوستی
test5.wav-->پورات ترک کردن
test6.wav-->سافی متخرفل

Epoch[30]:	[LR:  0.0002000 Loss:  1.21282, Avg loss:  1.04938]
test1.wav-->تفسر سربشت داری
test2.wav-->خوابشنیگنک بفکار شومدهی او ترج مسبوی فرد بود
test3.wav-->او در کلسار سو دفت کردند
test4.wav-->تحتلوال دوستی
test5.wav-->پورات تولد کردن
test6.wav-->سافی متفف

Epoch[31]:	[LR:  0.0002000 Loss:  1.04949, Avg loss:  1.04080]
test1.wav-->سر سرشتداری
test2.wav-->خوارشمیگرک بفکار شومیدهی اوبترج مسابهی تر بود
test3.wav-->او رد کرسار س دف کردند
test4.wav-->هتدهای دوستی
test5.wav-->پولاد ترد کردن
test6.wav-->سافی متفف

Epoch[32]:	[LR:  0.0002000 Loss:  1.09321, Avg loss:  0.96598]
test1.wav-->افسر سررشتداری
test2.wav-->خوابشکمیگلک برفتار شومیدهی او مترجن مسابقی فرد بود
test3.wav-->او ر در کلی سار سوبدف کردند
test4.wav-->تحتلوای دوستی
test5.wav-->پولاد تورد کردن
test6.wav-->سافی متخلخل

        Training Set: other.tsv, 6208 samples
         Vocab Size : 38
test1.wav-->افسر سررشتداری
test2.wav-->خوابشکمیگلک برفتار شومیدهی او مترجن مسابقی فرد بود
test3.wav-->او ر در کلی سار سوبدف کردند
test4.wav-->تحتلوای دوستی
test5.wav-->پولاد تورد کردن
test6.wav-->سافی متخلخل

Epoch[33]:	[LR:  0.0002000 Loss:  0.96235, Avg loss:  0.92771]
test1.wav-->افسر سررشت داری
test2.wav-->خوابش نمیگرت برفکر شوبدهی او بترجر مسابقی فرده بود
test3.wav-->او ب در کلزای زسور دف کردند
test4.wav-->تحتل وای دوستی
test5.wav-->پولاد تولد کردن
test6.wav-->سافی متخلفل

Epoch[34]:	[LR:  0.0002000 Loss:  1.07500, Avg loss:  0.87261]
test1.wav-->اسر سروشته داری
test2.wav-->خواوش نمیگرک برفکر شوودهی او بتورجر مسابقی فرده بود
test3.wav-->او در کلسار سور دف کردند
test4.wav-->تحتدوال دوستی
test5.wav-->پولاد تلد کردن
test6.wav-->سافی متخلخل

Epoch[35]:	[LR:  0.0002000 Loss:  0.89438, Avg loss:  0.85847]
test1.wav-->افسر سردشتداری
test2.wav-->خاوش دمیگرک برفتار شومدهی او متورجر مسابقهی فرده بود
test3.wav-->او ردرچلسای سو دف کردند
test4.wav-->تفته لبای دوستی
test5.wav-->پولاد تولد کردن
test6.wav-->سافی متفلفل

Epoch[36]:	[LR:  0.0002000 Loss:  0.64731, Avg loss:  0.80952]
test1.wav-->افسر س رشت داری
test2.wav-->خابوش نمیگرد برفکار شوردهی او تج مسابقی فرده بود
test3.wav-->او ر رر تلسای س دفت کردند
test4.wav-->تحت دگای دوستی
test5.wav-->پولاد ترد کردن
test6.wav-->ساخی متخلخل

Epoch[37]:	[LR:  0.0002000 Loss:  0.78972, Avg loss:  0.77728]
test1.wav-->افسر سروشته داری
test2.wav-->خواوش ن میگرت برفکار شوردهی او ا تووج مسابقی فردا بود
test3.wav-->او ر در کی سای سورادفت کردند
test4.wav-->تحت لوای دوستی
test5.wav-->فولاد تولد کردن
test6.wav-->سافی متخلخل

Epoch[38]:	[LR:  0.0002000 Loss:  1.12368, Avg loss:  0.74702]
test1.wav-->افسر سربشته داری
test2.wav-->خابش نمیگلد برفکار شومدهی او مترجر مسابقهی فردا بود
test3.wav-->او ر در کلسار س دف کردند
test4.wav-->تخت لبال دوستی
test5.wav-->پولاد تلد کردن
test6.wav-->سافی متخلخل

Epoch[39]:	[LR:  0.0002000 Loss:  0.70083, Avg loss:  0.72571]
test1.wav-->افسر سررشته داری
test2.wav-->خوابش ن میگرت برفکار شومدهی او اتر جر مسابقهی فردا بود
test3.wav-->او در تلسار س دفت کردند
test4.wav-->تحت لبان دوستی
test5.wav-->پولاد تولید کردن
test6.wav-->سافی متخلخل

Epoch[40]:	[LR:  0.0002000 Loss:  0.79423, Avg loss:  0.70285]
test1.wav-->افسر سررشته داری
test2.wav-->خواوش نمیگرد برفکار شومدهی او مترجل مسابقهی فردا بود
test3.wav-->او و در کلیزای س دف کردند
test4.wav-->تحت لوای دوستتی
test5.wav-->پولاد تلید کردن
test6.wav-->ساخی متخلخل

        Training Set: other.tsv, 6208 samples
         Vocab Size : 38
test1.wav-->افسر سررشته داری
test2.wav-->خواوش نمیگرد برفکار شومدهی او مترجل مسابقهی فردا بود
test3.wav-->او و در کلیزای س دف کردند
test4.wav-->تحت لوای دوستتی
test5.wav-->پولاد تلید کردن
test6.wav-->ساخی متخلخل

Epoch[41]:	[LR:  0.0002000 Loss:  0.65526, Avg loss:  0.67469]
test1.wav-->افسر سررشته داری
test2.wav-->خوابشن میبرک برفکار شودهی او اترج مسابقهی فرده بود
test3.wav-->او را در کلیسای سر دف کردند
test4.wav-->تحت لبای دوستی
test5.wav-->پولاد ترید کردن
test6.wav-->سافی متفلخل

Epoch[42]:	[LR:  0.0002000 Loss:  0.42169, Avg loss:  0.63699]
test1.wav-->افسر سررشته داری
test2.wav-->خوابش نمیگرد برفکار شوردهی او متوج مسابقهی فرده بود
test3.wav-->او را در کلسای سر دفت کردند
test4.wav-->تحته دبای دوستی
test5.wav-->پولاد تولید کردن
test6.wav-->سافی متخلخل

Epoch[43]:	[LR:  0.0002000 Loss:  0.73314, Avg loss:  0.62222]
test1.wav-->افسر سررشته داری
test2.wav-->خوابشن میگرد برفکار شومیدهی او مترج مسابقهی فرده بود
test3.wav-->او را در کلیسای سردف کردند
test4.wav-->تحتلبای دوستی
test5.wav-->پولاد تولید کردن
test6.wav-->سافی متخلخل

Epoch[44]:	[LR:  0.0002000 Loss:  0.66782, Avg loss:  0.60631]
test1.wav-->افسر سررشت داری
test2.wav-->خبوش نمیگرت برفکر شدهی او اتووجل مسابقهی فرده بود
test3.wav-->او را در کلسای س دفت کردند
test4.wav-->تحت لوای دوست
test5.wav-->پولات تولد کردن
test6.wav-->سافی متخلخل

Epoch[45]:	[LR:  0.0002000 Loss:  0.57888, Avg loss:  0.56804]
test1.wav-->افسر سردشته داری
test2.wav-->خوابشنمی برد برفکار شودهی او تورج مسابقهی فرده بود
test3.wav-->او را در کلیسای ص دفت کردند
test4.wav-->تحت لبای دوستی
test5.wav-->پولاد تولید کردن
test6.wav-->صافی متخلخل

Epoch[46]:	[LR:  0.0002000 Loss:  0.55976, Avg loss:  0.55060]
test1.wav-->افسر سررشته داری
test2.wav-->خوابش نمیگرد برفکار شومیدهی او متو جل مسابقهی فرده بود
test3.wav-->او ر در کلسای س دفت کردند
test4.wav-->تحت لبای دوستی
test5.wav-->پولاد تولید کردن
test6.wav-->سافی متخلخل

Epoch[47]:	[LR:  0.0002000 Loss:  0.35073, Avg loss:  0.52963]
test1.wav-->افسر سررشته داری
test2.wav-->خوابش نمیگرد برفکار شودهی او متوج مسابقهی فردا بود
test3.wav-->او را در تلسای س دفت کردند
test4.wav-->تحتلوای دوستی
test5.wav-->پولاد تورد کردن
test6.wav-->سافی متخلخل

Epoch[48]:	[LR:  0.0002000 Loss:  0.49682, Avg loss:  0.51403]
test1.wav-->افسر سررشته داری
test2.wav-->خوابش تلیبرج برفکار شودهی او متووجل مسابقهی فردا بودد
test3.wav-->او را درک لسای صور دفت کردن
test4.wav-->تحت لبای دوستی
test5.wav-->پولاد تولد کردن
test6.wav-->صافی متخلخل

Epoch[49]:	[LR:  0.0002000 Loss:  0.53144, Avg loss:  0.51296]
test1.wav-->افسر سررشتداری
test2.wav-->خوابش نمیگرت وفکار شودهی او تووج مسابقهی فردا بود
test3.wav-->او را درتلیسای سودفت کردند
test4.wav-->تحت لوای دوستی
test5.wav-->پولاد تولید کردن
test6.wav-->سافی متخلخل

        Training Set: other.tsv, 6208 samples
         Vocab Size : 38
test1.wav-->افسر سررشتداری
test2.wav-->خوابش نمیگرت وفکار شودهی او تووج مسابقهی فردا بود
test3.wav-->او را درتلیسای سودفت کردند
test4.wav-->تحت لوای دوستی
test5.wav-->پولاد تولید کردن
test6.wav-->سافی متخلخل

Epoch[50]:	[LR:  0.0002000 Loss:  0.27425, Avg loss:  0.48552]
test1.wav-->افسر سررشته داری
test2.wav-->خوابش نمیبرد وفکار شوردهی او متوج مسابقهی فرده بود
test3.wav-->او را در کلیسای صور دفت کردند
test4.wav-->تحت لوای دوستی
test5.wav-->پولاد تولید کردن
test6.wav-->صافی متخلخل

Epoch[51]:	[LR:  0.0002000 Loss:  0.67088, Avg loss:  0.46787]
test1.wav-->افسر سررشته داری
test2.wav-->خوابش نمیگرت وفکار شودهی او متورج مصابقهی فرده بود
test3.wav-->او را در کلسای صور دف کردند
test4.wav-->تحت لوال دوستی
test5.wav-->پولاد تولد کردن
test6.wav-->صافی متخلخل

Epoch[52]:	[LR:  0.0002000 Loss:  0.38597, Avg loss:  0.45095]
test1.wav-->افسر سررشته داری
test2.wav-->خواوشنمیبرد برفکار شودهی او متوج مسابقهی فردا بود
test3.wav-->او را در کلیسای سر دفت کردند
test4.wav-->تحت لوای دوستی
test5.wav-->پولاد تولد کردن
test6.wav-->صافی متخلخل

Epoch[53]:	[LR:  0.0002000 Loss:  0.50795, Avg loss:  0.43263]
test1.wav-->افسر سررشته داری
test2.wav-->خوبش نمیبرد ورفکر شودهی او متوجه مسابقهی فرده بود
test3.wav-->او را در کلیزای زو دفت کردند
test4.wav-->تحز لوای دوستی
test5.wav-->پولاد تولید کردن
test6.wav-->سافی متخلخل

Epoch[54]:	[LR:  0.0002000 Loss:  0.47978, Avg loss:  0.42513]
test1.wav-->افسر سررشته داری
test2.wav-->خوابش نمیبرد ورفتار شوردهی او متووجه مسابغهی فرده بود
test3.wav-->او را در تلیسای صم دفت کردند
test4.wav-->تحت لبای دوستی
test5.wav-->پولاد تولید کردن
test6.wav-->صافی متخلخل

Epoch[55]:	[LR:  0.0002000 Loss:  0.58658, Avg loss:  0.40245]
test1.wav-->افسر سررشته داری
test2.wav-->خوابشنمیگرد وبفکار شردهی او متوجه مسابقه فرده بود
test3.wav-->او را در کلسای صم دف کردند
test4.wav-->تحت لوای دوستی
test5.wav-->پولاد تلید کردن
test6.wav-->صافی متخلخل

Epoch[56]:	[LR:  0.0002000 Loss:  0.73634, Avg loss:  0.39179]
test1.wav-->افسر سررشته داری
test2.wav-->خوابش نمیبرد برفکار شدهی او متورج مسابقهی فردا بود
test3.wav-->او را در کلسای صر دفت کردند
test4.wav-->تحت لوای دوستی
test5.wav-->پولاد تورلید کردن
test6.wav-->صاخی متخلخل

Epoch[57]:	[LR:  0.0002000 Loss:  0.69409, Avg loss:  0.39514]
test1.wav-->افسر سررشته داری
test2.wav-->خوابش نمیگرد ورفکر شودهی او متوورجل مسابقهی فرده بود
test3.wav-->او وا در کلسای صوب دفت کردند
test4.wav-->تحت لوای دوستی
test5.wav-->پولاد تولید کردن
test6.wav-->صافی متخلخل

Epoch[58]:	[LR:  0.0002000 Loss:  0.23861, Avg loss:  0.36921]
test1.wav-->افسر سررشته داری
test2.wav-->خوابوش نمیبرد ورفکار شوردهی او متووجه مسابغهی فرده بود
test3.wav-->او وا در کلسا صع دف کردند
test4.wav-->تحت لوای دوستی
test5.wav-->پولاد تولید کردن
test6.wav-->صافی متخلخل

        Training Set: other.tsv, 6208 samples
         Vocab Size : 38
test1.wav-->افسر سررشته داری
test2.wav-->خوابوش نمیبرد ورفکار شوردهی او متووجه مسابغهی فرده بود
test3.wav-->او وا در کلسا صع دف کردند
test4.wav-->تحت لوای دوستی
test5.wav-->پولاد تولید کردن
test6.wav-->صافی متخلخل

Epoch[59]:	[LR:  0.0002000 Loss:  0.67280, Avg loss:  0.36661]
test1.wav-->افسر سررشته داری
test2.wav-->خوابش نمیبرد وفکار شوردهی او متووجه مسابقهی فرده بود
test3.wav-->او را در کلیسای ص دف کردند
test4.wav-->تحت لوای دوستی
test5.wav-->پولاد تولید کردن
test6.wav-->صافی متخلخل

Epoch[60]:	[LR:  0.0002000 Loss:  0.42961, Avg loss:  0.35052]
test1.wav-->افسر سررشته داری
test2.wav-->خوابش نمیبرد وفکار شودهی او مجور جهه مسابغهی فرده بود
test3.wav-->او را در کلیسای صو دف کردند
test4.wav-->تهت لوای دوستی
test5.wav-->پولاد تولید کردن
test6.wav-->صافی متخلخل

Epoch[61]:	[LR:  0.0002000 Loss:  0.24554, Avg loss:  0.33413]
test1.wav-->افسر سررشته داری
test2.wav-->خواوش نمیبرد وفکار شوردهی اومطوجه مسابقهی فردا بود
test3.wav-->او را در کلیسای صورع دفت کردند
test4.wav-->تحت لبای دوستی
test5.wav-->پولاد تولید کردن
test6.wav-->صافی متخلخل

Epoch[62]:	[LR:  0.0002000 Loss:  0.41880, Avg loss:  0.34808]
test1.wav-->افسر سررشته داری
test2.wav-->خوابشنمیبرد ورفکار شوردهی او متووج مسابقهی فرده بود
test3.wav-->او را در کلیسای صورع دفت کردند
test4.wav-->تحت لوای دوستی
test5.wav-->پولاد تولید کردن
test6.wav-->صافی متخلخل

Epoch[63]:	[LR:  0.0002000 Loss:  0.31867, Avg loss:  0.33890]
test1.wav-->افسر سررشتهداری
test2.wav-->خوابوش نمیبرد وافکار شومدهی او متوج مسابقهی فردا بود
test3.wav-->او را در کلسای صوع دفت کردند
test4.wav-->تحت لوای دوستی
test5.wav-->پولاد تولید کردن
test6.wav-->صافی متخلخل

Epoch[64]:	[LR:  0.0002000 Loss:  0.35118, Avg loss:  0.30628]
test1.wav-->افسر سررشته داری
test2.wav-->خوابش نمیبرد و افکار شوردهی او متوج ا مسابقهی فرده بود
test3.wav-->او را در کلیسای صوع دف کردند
test4.wav-->تحت لبای دوستی
test5.wav-->پولاد تولید کردن
test6.wav-->صافی متخلخل

Epoch[65]:	[LR:  0.0002000 Loss:  0.28609, Avg loss:  0.29151]
test1.wav-->افسر سررشته داری
test2.wav-->خوابش نمیبرد وبفکار شویدهی او متووج مسابقهی فرده بود
test3.wav-->او را در کریسای صورعه دفت کردند
test4.wav-->تحت لوای دوستی
test5.wav-->پولاد تولید کردن
test6.wav-->صافی متخلخل

        Training Set: other.tsv, 6208 samples
         Vocab Size : 38
test1.wav-->افسر سررشته داری
test2.wav-->خوابش نمیبرد وبفکار شویدهی او متووج مسابقهی فرده بود
test3.wav-->او را در کریسای صورعه دفت کردند
test4.wav-->تحت لوای دوستی
test5.wav-->پولاد تولید کردن
test6.wav-->صافی متخلخل

Epoch[66]:	[LR:  0.0002000 Loss:  0.89171, Avg loss:  0.30076]
test1.wav-->افسر سررشته داری
test2.wav-->خوابشن میدرد و افکار شمیدهی او متوجه مسابقهی فردا بود
test3.wav-->او را در کلیسای صملعه دف کردند
test4.wav-->تحت لوای دوستی
test5.wav-->پولاد تولید کردن
test6.wav-->صافی متخلخل

Epoch[67]:	[LR:  0.0002000 Loss:  0.27291, Avg loss:  0.28578]
test1.wav-->افسر سررشته داری
test2.wav-->خوابش نمیبرد و افکار شومیدهی او متوجه مسابقهی فردا بود
test3.wav-->او را در کلیسای صومعه دفت کردند
test4.wav-->تحت لوای دوستی
test5.wav-->پولاد تولید کردن
test6.wav-->صافی متخلخل

Epoch[68]:	[LR:  0.0002000 Loss:  0.22070, Avg loss:  0.27340]
test1.wav-->افسر سررشته داری
test2.wav-->خوابش نمیبرد و افکار شومیدهی او مترجه مسابقهی فردا بود
test3.wav-->او را در کلیسای صه دفت کردند
test4.wav-->تخت لوای دوستی
test5.wav-->پولاد تولید کردن
test6.wav-->صافی متخلخل

Epoch[69]:	[LR:  0.0002000 Loss:  0.31764, Avg loss:  0.28834]
test1.wav-->افسر سررشته داری
test2.wav-->خوابش نمیگرد وافکار شوردهی او مترج ه مسابقهی فردا بود
test3.wav-->او را در کلیسای صو دفت کردند
test4.wav-->تحت لوای دوستی
test5.wav-->پولاد تولید کردن
test6.wav-->صافی متخلخل

Epoch[70]:	[LR:  0.0002000 Loss:  0.32059, Avg loss:  0.25752]
test1.wav-->افسر سررشته داری
test2.wav-->خوابش نمیبرد و افکار شوردهی او متوجه مسابقهی فردا بود
test3.wav-->او را در کلیسای صمه دف کردند
test4.wav-->تحت لوای دوستی
test5.wav-->پولاد تولید کردن
test6.wav-->صافی متخلخل

Epoch[71]:	[LR:  0.0002000 Loss:  0.27652, Avg loss:  0.24459]
test1.wav-->افسر سررشته داری
test2.wav-->خواوش نمیبرد و افکار شویدهی او مترجه مسابقهی فردا بود
test3.wav-->او را در کلیسای صول دفت کردند
test4.wav-->تحت لوای دوستی
test5.wav-->پولاد تولید کردن
test6.wav-->صافی متخلخل

Epoch[72]:	[LR:  0.0002000 Loss:  0.23925, Avg loss:  0.26052]
test1.wav-->افسر سررشته داری
test2.wav-->خوابش نمیبرد و رفکار شوردهی او متوجه مسابقه فردا بود
test3.wav-->او را در کلسای صوه دف کردند
test4.wav-->تحت لوای دوستی
test5.wav-->پولاد تولید کردن
test6.wav-->صافی متخلخل

Epoch[73]:	[LR:  0.0002000 Loss:  0.24035, Avg loss:  0.23706]
test1.wav-->افسر سررشته داری
test2.wav-->خوابش نمیبرد و افکار شودهی او متوجه مسابقهی فردا بود
test3.wav-->او را در کلیسای صومعه دف کردند
test4.wav-->تحت لوای دوستی
test5.wav-->پولاد تولید کردن
test6.wav-->صافی متخلخل

Epoch[74]:	[LR:  0.0002000 Loss:  0.36494, Avg loss:  0.22233]
test1.wav-->افسر سررشته داری
test2.wav-->خوابش نمیبرد وافکار شوردهی او متوجه مسابقهی فردا بود
test3.wav-->او را در کلیسای صومعه دفر کردند
test4.wav-->تحت لوای دوستی
test5.wav-->پولاد تولید کردن
test6.wav-->صافی متخلخل

Epoch[75]:	[LR:  0.0002000 Loss:  0.22995, Avg loss:  0.23048]
test1.wav-->افسر سررشته داری
test2.wav-->خوابش نمیبرد ب افکار شوردهی او متووجه مسابقهی فردا بود
test3.wav-->او را در کلیسای صو دف کردند
test4.wav-->تحت لوای دوستی
test5.wav-->پولاد تولید کردن
test6.wav-->صافی متخلخل

        Training Set: other.tsv, 6208 samples
         Vocab Size : 38
test1.wav-->افسر سررشته داری
test2.wav-->خوابش نمیبرد ب افکار شوردهی او متووجه مسابقهی فردا بود
test3.wav-->او را در کلیسای صو دف کردند
test4.wav-->تحت لوای دوستی
test5.wav-->پولاد تولید کردن
test6.wav-->صافی متخلخل

Epoch[76]:	[LR:  0.0002000 Loss:  0.22762, Avg loss:  0.23472]
test1.wav-->افسر سررشته داری
test2.wav-->خوابش نمیبرد و افگار چوردهی او متووجه مسابقهی فردا بود
test3.wav-->او را در کلسای صوع دفن کردند
test4.wav-->تحت دوای دوستی
test5.wav-->پولاد تولید کردن
test6.wav-->صافی متخلخل

Epoch[77]:	[LR:  0.0002000 Loss:  0.30634, Avg loss:  0.21718]
test1.wav-->افسر سررشته داری
test2.wav-->خوابش نمیبرد و افکار شویدهی او متووج مسابقهی فرده بود
test3.wav-->او را در کلسای صور دف کردند
test4.wav-->تحت لوای دوستی
test5.wav-->پوداد تولید کردن
test6.wav-->صافی متخلخل

Epoch[78]:	[LR:  0.0002000 Loss:  0.31825, Avg loss:  0.21164]
test1.wav-->افسر سررشته داری
test2.wav-->خوابش نمیبرد ورفکار شوردهی او متوج ه مسابقهی فردا بود
test3.wav-->او را در کلیسای صورعه دف کردند
test4.wav-->تحت لوای دوستی
test5.wav-->پولاد تولید کردن
test6.wav-->صافی متخلخل

Epoch[79]:	[LR:  0.0002000 Loss:  0.20195, Avg loss:  0.20784]
test1.wav-->افسر سررشته داری
test2.wav-->خوابش نمیبرد و افکار شوردهی او متوج مسابقهی فردا بود
test3.wav-->او را در کلیسای صودفن کردند
test4.wav-->تحت لوای دوستی
test5.wav-->پولاد تولید کردن
test6.wav-->صافی متخلخل

Epoch[80]:	[LR:  0.0002000 Loss:  0.17859, Avg loss:  0.20057]
test1.wav-->افسر سررشته داری
test2.wav-->خوابش نمیبرد و افکار شوریدهی او متوجه مسابفهی فردا بود
test3.wav-->او را در چلسای صوعه دفن کردند
test4.wav-->تحت دوای دوستی
test5.wav-->پولاد تولید کردن
test6.wav-->صافی متخلخل

Epoch[81]:	[LR:  0.0002000 Loss:  0.27452, Avg loss:  0.19435]
test1.wav-->افسر سررشته داری
test2.wav-->خوابش نمیبرد و افگار شوردهی او متوجه مسابقهی فردا بود
test3.wav-->او را در کلسای صومعه دفن کردند
test4.wav-->تحت لوای دوستی
test5.wav-->پولاد تولید کردن
test6.wav-->صافی متخلخل

Epoch[82]:	[LR:  0.0002000 Loss:  0.14562, Avg loss:  0.22802]
test1.wav-->افسر سررشته داری
test2.wav-->خوابش نمیبرد و افکار شوریدهی او متوجه مسابقهی فردا بود
test3.wav-->او را در کلیسای صوه دفر کردند
test4.wav-->تحت لوای دوستی
test5.wav-->پولاد تولید کردن
test6.wav-->صافی متخلخل

Epoch[83]:	[LR:  0.0002000 Loss:  0.36750, Avg loss:  0.17858]
test1.wav-->افسر سررشته داری
test2.wav-->خوابش نلیبد و افکن شودهی او متوج مسابقهی فردا بود
test3.wav-->او را در کلسای صعه دفن کردند
test4.wav-->تحت لوای دوستی
test5.wav-->پولاد تولید کردن
test6.wav-->صافی متخلخل

Epoch[84]:	[LR:  0.0002000 Loss:  0.30005, Avg loss:  0.18612]
test1.wav-->افسر سررشته داری
test2.wav-->خوابش نمیبرد و افکار شوریدهی او متوجهه مسابقهی فردا بود
test3.wav-->او را در کلیسای صومعه دفن کردند
test4.wav-->تحت لوای دوستی
test5.wav-->پولاد تولید کردن
test6.wav-->صافی متخلخل

        Training Set: other.tsv, 6208 samples
         Vocab Size : 38
test1.wav-->افسر سررشته داری
test2.wav-->خوابش نمیبرد و افکار شوریدهی او متوجهه مسابقهی فردا بود
test3.wav-->او را در کلیسای صومعه دفن کردند
test4.wav-->تحت لوای دوستی
test5.wav-->پولاد تولید کردن
test6.wav-->صافی متخلخل

Epoch[85]:	[LR:  0.0002000 Loss:  0.15632, Avg loss:  0.18539]
test1.wav-->افسر سررشته داری
test2.wav-->خوابوش نمیبرد و افکار شویدهی او متووجه مسابقهی فردا بود
test3.wav-->او را در کلیسای صومه دفت کردند
test4.wav-->تحت لبای دوستی
test5.wav-->پولاد تولید کردن
test6.wav-->صافی متخلخل

Epoch[86]:	[LR:  0.0002000 Loss:  0.07374, Avg loss:  0.20271]
test1.wav-->افسر سررشته داری
test2.wav-->خوابش نیبرد و افکار شویدهی او متوجه مسابقهی فردا بود
test3.wav-->او را در کلیسای صمه دفم کردند
test4.wav-->تحت لوای دوستی
test5.wav-->پولاد تولید کردن
test6.wav-->صافی متخلخل

Epoch[87]:	[LR:  0.0002000 Loss:  0.18200, Avg loss:  0.16776]
test1.wav-->افسر سررشته داری
test2.wav-->خواوش نمیبرد و افکار شوریدهی او متوجه مسابقهی فردا بود
test3.wav-->او را در کلیسای صومعه دفن کردند
test4.wav-->تحت لوای دوستی
test5.wav-->پولاد تولید کردن
test6.wav-->صافی متخلخل

Epoch[88]:	[LR:  0.0002000 Loss:  0.15948, Avg loss:  0.16456]
test1.wav-->افسر سررشته داری
test2.wav-->خابشنمیبرد و افکار شودهی او متوجه مسابقهی فردا بود
test3.wav-->او را در کلیسای صوعه دفم کردند
test4.wav-->تحت لوای دوستی
test5.wav-->پولاد تولید کردن
test6.wav-->صافی متخلخل

Epoch[89]:	[LR:  0.0002000 Loss:  0.14953, Avg loss:  0.15344]
test1.wav-->افسر سررشته داری
test2.wav-->خوابش نمیبرد و افکار شوریدهی او متوجه مسابقهی فردا بود
test3.wav-->او را در کلیسای صومعه دفن کردند
test4.wav-->تحت لوای دوستی
test5.wav-->پولاد تولید کردن
test6.wav-->صافی متخلخل

Epoch[90]:	[LR:  0.0002000 Loss:  0.19545, Avg loss:  0.15865]
test1.wav-->افسر سررشته داری
test2.wav-->خوابش نمیبرد و افکار شوریدهی او متوجه مسابقهی فردا بود
test3.wav-->او را در کلیسای صمعه دفن کردند
test4.wav-->تحت لوای دوستی
test5.wav-->پولاد تولید کردن
test6.wav-->صافی متخلخل

